<?xml version="1.0" encoding="UTF-8"?>
<coverage generated="1747161821904" clover="3.2.0">
  <project timestamp="1747161821904" name="All files">
    <metrics statements="189" coveredstatements="189" conditionals="30" coveredconditionals="30" methods="17" coveredmethods="17" elements="236" coveredelements="236" complexity="0" loc="189" ncloc="189" packages="2" files="2" classes="2"/>
    <package name="src">
      <metrics statements="101" coveredstatements="101" conditionals="20" coveredconditionals="20" methods="12" coveredmethods="12"/>
      <file name="App.tsx" path="C:\Users\xenei\Documents\DEV\cursos\front-testing\2-test-carestino\src\App.tsx">
        <metrics statements="101" coveredstatements="101" conditionals="20" coveredconditionals="20" methods="12" coveredmethods="12"/>
        <line num="1" count="1" type="stmt"/>
        <line num="2" count="1" type="stmt"/>
        <line num="11" count="1" type="stmt"/>
        <line num="12" count="1" type="stmt"/>
        <line num="13" count="1" type="stmt"/>
        <line num="14" count="1" type="stmt"/>
        <line num="15" count="1" type="stmt"/>
        <line num="17" count="20" type="cond" truecount="1" falsecount="0"/>
        <line num="18" count="20" type="stmt"/>
        <line num="19" count="20" type="cond" truecount="1" falsecount="0"/>
        <line num="20" count="150000" type="stmt"/>
        <line num="21" count="150000" type="stmt"/>
        <line num="22" count="150000" type="stmt"/>
        <line num="23" count="150000" type="stmt"/>
        <line num="24" count="150000" type="stmt"/>
        <line num="25" count="150000" type="stmt"/>
        <line num="26" count="20" type="stmt"/>
        <line num="27" count="20" type="stmt"/>
        <line num="29" count="19" type="cond" truecount="1" falsecount="0"/>
        <line num="30" count="19" type="stmt"/>
        <line num="31" count="19" type="stmt"/>
        <line num="32" count="19" type="stmt"/>
        <line num="33" count="19" type="stmt"/>
        <line num="35" count="19" type="cond" truecount="1" falsecount="0"/>
        <line num="36" count="11" type="cond" truecount="1" falsecount="0"/>
        <line num="37" count="1" type="stmt"/>
        <line num="38" count="1" type="stmt"/>
        <line num="40" count="11" type="stmt"/>
        <line num="41" count="11" type="cond" truecount="1" falsecount="0"/>
        <line num="42" count="19" type="stmt"/>
        <line num="44" count="19" type="cond" truecount="1" falsecount="0"/>
        <line num="45" count="5" type="stmt"/>
        <line num="46" count="5" type="stmt"/>
        <line num="47" count="5" type="stmt"/>
        <line num="48" count="5" type="stmt"/>
        <line num="49" count="5" type="stmt"/>
        <line num="50" count="5" type="stmt"/>
        <line num="51" count="5" type="stmt"/>
        <line num="53" count="19" type="cond" truecount="1" falsecount="0"/>
        <line num="54" count="1" type="stmt"/>
        <line num="55" count="1" type="stmt"/>
        <line num="56" count="1" type="stmt"/>
        <line num="58" count="19" type="cond" truecount="1" falsecount="0"/>
        <line num="59" count="1" type="stmt"/>
        <line num="60" count="1" type="stmt"/>
        <line num="62" count="19" type="cond" truecount="1" falsecount="0"/>
        <line num="63" count="2" type="stmt"/>
        <line num="64" count="2" type="stmt"/>
        <line num="66" count="19" type="cond" truecount="1" falsecount="0"/>
        <line num="67" count="4" type="stmt"/>
        <line num="68" count="4" type="stmt"/>
        <line num="69" count="4" type="stmt"/>
        <line num="70" count="4" type="stmt"/>
        <line num="71" count="4" type="stmt"/>
        <line num="73" count="19" type="cond" truecount="1" falsecount="0"/>
        <line num="74" count="1" type="stmt"/>
        <line num="75" count="1" type="stmt"/>
        <line num="76" count="1" type="stmt"/>
        <line num="77" count="1" type="stmt"/>
        <line num="79" count="19" type="cond" truecount="1" falsecount="0"/>
        <line num="80" count="11" type="cond" truecount="1" falsecount="0"/>
        <line num="81" count="1" type="stmt"/>
        <line num="82" count="1" type="stmt"/>
        <line num="84" count="11" type="stmt"/>
        <line num="85" count="11" type="cond" truecount="1" falsecount="0"/>
        <line num="86" count="11" type="stmt"/>
        <line num="87" count="11" type="stmt"/>
        <line num="88" count="19" type="stmt"/>
        <line num="90" count="19" type="stmt"/>
        <line num="91" count="19" type="stmt"/>
        <line num="92" count="19" type="cond" truecount="2" falsecount="0"/>
        <line num="93" count="19" type="stmt"/>
        <line num="94" count="19" type="stmt"/>
        <line num="95" count="19" type="stmt"/>
        <line num="96" count="19" type="stmt"/>
        <line num="97" count="19" type="stmt"/>
        <line num="98" count="19" type="stmt"/>
        <line num="99" count="19" type="stmt"/>
        <line num="100" count="19" type="stmt"/>
        <line num="101" count="19" type="stmt"/>
        <line num="103" count="19" type="cond" truecount="1" falsecount="0"/>
        <line num="104" count="142500" type="stmt"/>
        <line num="105" count="142500" type="stmt"/>
        <line num="106" count="142500" type="stmt"/>
        <line num="107" count="142500" type="stmt"/>
        <line num="108" count="142500" type="cond" truecount="1" falsecount="0"/>
        <line num="109" count="142500" type="cond" truecount="1" falsecount="0"/>
        <line num="110" count="142500" type="stmt"/>
        <line num="111" count="142500" type="stmt"/>
        <line num="112" count="142500" type="stmt"/>
        <line num="113" count="142500" type="stmt"/>
        <line num="114" count="142500" type="stmt"/>
        <line num="115" count="142500" type="stmt"/>
        <line num="116" count="142500" type="stmt"/>
        <line num="117" count="142500" type="stmt"/>
        <line num="118" count="142500" type="stmt"/>
        <line num="119" count="19" type="stmt"/>
        <line num="121" count="19" type="stmt"/>
        <line num="122" count="19" type="stmt"/>
        <line num="124" count="19" type="stmt"/>
        <line num="126" count="1" type="stmt"/>
      </file>
    </package>
    <package name="src.components">
      <metrics statements="88" coveredstatements="88" conditionals="10" coveredconditionals="10" methods="5" coveredmethods="5"/>
      <file name="Modal.tsx" path="C:\Users\xenei\Documents\DEV\cursos\front-testing\2-test-carestino\src\components\Modal.tsx">
        <metrics statements="88" coveredstatements="88" conditionals="10" coveredconditionals="10" methods="5" coveredmethods="5"/>
        <line num="1" count="1" type="stmt"/>
        <line num="9" count="1" type="stmt"/>
        <line num="10" count="1" type="stmt"/>
        <line num="13" count="1" type="cond" truecount="1" falsecount="0"/>
        <line num="14" count="28" type="stmt"/>
        <line num="15" count="28" type="stmt"/>
        <line num="16" count="28" type="stmt"/>
        <line num="18" count="28" type="cond" truecount="1" falsecount="0"/>
        <line num="19" count="3" type="stmt"/>
        <line num="20" count="3" type="stmt"/>
        <line num="21" count="3" type="stmt"/>
        <line num="22" count="3" type="stmt"/>
        <line num="24" count="28" type="cond" truecount="1" falsecount="0"/>
        <line num="25" count="2" type="stmt"/>
        <line num="26" count="2" type="cond" truecount="1" falsecount="0"/>
        <line num="27" count="1" type="stmt"/>
        <line num="28" count="1" type="stmt"/>
        <line num="29" count="2" type="stmt"/>
        <line num="30" count="2" type="stmt"/>
        <line num="32" count="28" type="stmt"/>
        <line num="33" count="28" type="stmt"/>
        <line num="34" count="28" type="stmt"/>
        <line num="35" count="28" type="stmt"/>
        <line num="36" count="28" type="cond" truecount="2" falsecount="0"/>
        <line num="38" count="28" type="stmt"/>
        <line num="39" count="28" type="stmt"/>
        <line num="40" count="28" type="stmt"/>
        <line num="41" count="28" type="stmt"/>
        <line num="42" count="28" type="stmt"/>
        <line num="43" count="28" type="stmt"/>
        <line num="44" count="28" type="cond" truecount="1" falsecount="0"/>
        <line num="45" count="28" type="stmt"/>
        <line num="46" count="28" type="stmt"/>
        <line num="47" count="28" type="stmt"/>
        <line num="48" count="28" type="stmt"/>
        <line num="49" count="28" type="stmt"/>
        <line num="50" count="28" type="stmt"/>
        <line num="51" count="28" type="stmt"/>
        <line num="52" count="28" type="stmt"/>
        <line num="53" count="28" type="stmt"/>
        <line num="55" count="28" type="stmt"/>
        <line num="56" count="28" type="stmt"/>
        <line num="57" count="28" type="stmt"/>
        <line num="58" count="28" type="stmt"/>
        <line num="59" count="28" type="stmt"/>
        <line num="60" count="28" type="stmt"/>
        <line num="61" count="28" type="stmt"/>
        <line num="62" count="28" type="stmt"/>
        <line num="63" count="28" type="stmt"/>
        <line num="64" count="28" type="cond" truecount="1" falsecount="0"/>
        <line num="65" count="4" type="stmt"/>
        <line num="66" count="4" type="stmt"/>
        <line num="67" count="4" type="stmt"/>
        <line num="68" count="4" type="stmt"/>
        <line num="69" count="4" type="stmt"/>
        <line num="70" count="4" type="stmt"/>
        <line num="71" count="4" type="stmt"/>
        <line num="72" count="4" type="stmt"/>
        <line num="73" count="4" type="stmt"/>
        <line num="74" count="4" type="stmt"/>
        <line num="75" count="4" type="cond" truecount="1" falsecount="0"/>
        <line num="76" count="20" type="stmt"/>
        <line num="77" count="20" type="stmt"/>
        <line num="78" count="20" type="stmt"/>
        <line num="79" count="20" type="cond" truecount="1" falsecount="0"/>
        <line num="80" count="20" type="stmt"/>
        <line num="81" count="20" type="stmt"/>
        <line num="82" count="20" type="stmt"/>
        <line num="83" count="20" type="stmt"/>
        <line num="84" count="20" type="stmt"/>
        <line num="85" count="20" type="stmt"/>
        <line num="86" count="20" type="stmt"/>
        <line num="88" count="20" type="stmt"/>
        <line num="89" count="20" type="stmt"/>
        <line num="90" count="20" type="stmt"/>
        <line num="91" count="20" type="stmt"/>
        <line num="92" count="20" type="stmt"/>
        <line num="93" count="20" type="stmt"/>
        <line num="94" count="20" type="stmt"/>
        <line num="95" count="20" type="stmt"/>
        <line num="96" count="20" type="stmt"/>
        <line num="97" count="4" type="stmt"/>
        <line num="98" count="4" type="stmt"/>
        <line num="100" count="28" type="stmt"/>
        <line num="101" count="28" type="stmt"/>
        <line num="102" count="28" type="stmt"/>
        <line num="104" count="28" type="stmt"/>
        <line num="106" count="1" type="stmt"/>
      </file>
    </package>
  </project>
</coverage>
