{"C:\\Users\\xenei\\Documents\\DEV\\cursos\\front-testing\\2-test-carestino\\src\\App.tsx": {"path":"C:\\Users\\xenei\\Documents\\DEV\\cursos\\front-testing\\2-test-carestino\\src\\App.tsx","all":false,"statementMap":{"0":{"start":{"line":1,"column":0},"end":{"line":1,"column":43}},"1":{"start":{"line":2,"column":0},"end":{"line":2,"column":39}},"10":{"start":{"line":11,"column":0},"end":{"line":11,"column":20}},"11":{"start":{"line":12,"column":0},"end":{"line":12,"column":46}},"12":{"start":{"line":13,"column":0},"end":{"line":13,"column":29}},"13":{"start":{"line":14,"column":0},"end":{"line":14,"column":57}},"14":{"start":{"line":15,"column":0},"end":{"line":15,"column":34}},"16":{"start":{"line":17,"column":0},"end":{"line":17,"column":36}},"17":{"start":{"line":18,"column":0},"end":{"line":18,"column":27}},"18":{"start":{"line":19,"column":0},"end":{"line":19,"column":40}},"19":{"start":{"line":20,"column":0},"end":{"line":20,"column":14}},"20":{"start":{"line":21,"column":0},"end":{"line":21,"column":15}},"21":{"start":{"line":22,"column":0},"end":{"line":22,"column":21}},"22":{"start":{"line":23,"column":0},"end":{"line":23,"column":21}},"23":{"start":{"line":24,"column":0},"end":{"line":24,"column":6}},"24":{"start":{"line":25,"column":0},"end":{"line":25,"column":3}},"25":{"start":{"line":26,"column":0},"end":{"line":26,"column":13}},"26":{"start":{"line":27,"column":0},"end":{"line":27,"column":1}},"28":{"start":{"line":29,"column":0},"end":{"line":29,"column":16}},"29":{"start":{"line":30,"column":0},"end":{"line":30,"column":65}},"30":{"start":{"line":31,"column":0},"end":{"line":31,"column":51}},"31":{"start":{"line":32,"column":0},"end":{"line":32,"column":60}},"32":{"start":{"line":33,"column":0},"end":{"line":33,"column":52}},"34":{"start":{"line":35,"column":0},"end":{"line":35,"column":19}},"35":{"start":{"line":36,"column":0},"end":{"line":36,"column":32}},"36":{"start":{"line":37,"column":0},"end":{"line":37,"column":33}},"37":{"start":{"line":38,"column":0},"end":{"line":38,"column":6}},"39":{"start":{"line":40,"column":0},"end":{"line":40,"column":52}},"40":{"start":{"line":41,"column":0},"end":{"line":41,"column":68}},"41":{"start":{"line":42,"column":0},"end":{"line":42,"column":9}},"43":{"start":{"line":44,"column":0},"end":{"line":44,"column":35}},"44":{"start":{"line":45,"column":0},"end":{"line":45,"column":35}},"45":{"start":{"line":46,"column":0},"end":{"line":46,"column":23}},"46":{"start":{"line":47,"column":0},"end":{"line":47,"column":25}},"47":{"start":{"line":48,"column":0},"end":{"line":48,"column":26}},"48":{"start":{"line":49,"column":0},"end":{"line":49,"column":6}},"49":{"start":{"line":50,"column":0},"end":{"line":50,"column":26}},"50":{"start":{"line":51,"column":0},"end":{"line":51,"column":3}},"52":{"start":{"line":53,"column":0},"end":{"line":53,"column":75}},"53":{"start":{"line":54,"column":0},"end":{"line":54,"column":22}},"54":{"start":{"line":55,"column":0},"end":{"line":55,"column":22}},"55":{"start":{"line":56,"column":0},"end":{"line":56,"column":3}},"57":{"start":{"line":58,"column":0},"end":{"line":58,"column":29}},"58":{"start":{"line":59,"column":0},"end":{"line":59,"column":23}},"59":{"start":{"line":60,"column":0},"end":{"line":60,"column":3}},"61":{"start":{"line":62,"column":0},"end":{"line":62,"column":42}},"62":{"start":{"line":63,"column":0},"end":{"line":63,"column":27}},"63":{"start":{"line":64,"column":0},"end":{"line":64,"column":3}},"65":{"start":{"line":66,"column":0},"end":{"line":66,"column":82}},"66":{"start":{"line":67,"column":0},"end":{"line":67,"column":25}},"67":{"start":{"line":68,"column":0},"end":{"line":68,"column":25}},"68":{"start":{"line":69,"column":0},"end":{"line":69,"column":18}},"69":{"start":{"line":70,"column":0},"end":{"line":70,"column":5}},"70":{"start":{"line":71,"column":0},"end":{"line":71,"column":4}},"72":{"start":{"line":73,"column":0},"end":{"line":73,"column":45}},"73":{"start":{"line":74,"column":0},"end":{"line":74,"column":20}},"74":{"start":{"line":75,"column":0},"end":{"line":75,"column":18}},"75":{"start":{"line":76,"column":0},"end":{"line":76,"column":5}},"76":{"start":{"line":77,"column":0},"end":{"line":77,"column":4}},"78":{"start":{"line":79,"column":0},"end":{"line":79,"column":19}},"79":{"start":{"line":80,"column":0},"end":{"line":80,"column":39}},"80":{"start":{"line":81,"column":0},"end":{"line":81,"column":26}},"81":{"start":{"line":82,"column":0},"end":{"line":82,"column":6}},"83":{"start":{"line":84,"column":0},"end":{"line":84,"column":60}},"84":{"start":{"line":85,"column":0},"end":{"line":85,"column":18}},"85":{"start":{"line":86,"column":0},"end":{"line":86,"column":65}},"86":{"start":{"line":87,"column":0},"end":{"line":87,"column":6}},"87":{"start":{"line":88,"column":0},"end":{"line":88,"column":9}},"89":{"start":{"line":90,"column":0},"end":{"line":90,"column":10}},"90":{"start":{"line":91,"column":0},"end":{"line":91,"column":6}},"91":{"start":{"line":92,"column":0},"end":{"line":92,"column":102}},"92":{"start":{"line":93,"column":0},"end":{"line":93,"column":19}},"93":{"start":{"line":94,"column":0},"end":{"line":94,"column":24}},"94":{"start":{"line":95,"column":0},"end":{"line":95,"column":48}},"95":{"start":{"line":96,"column":0},"end":{"line":96,"column":23}},"96":{"start":{"line":97,"column":0},"end":{"line":97,"column":24}},"97":{"start":{"line":98,"column":0},"end":{"line":98,"column":19}},"98":{"start":{"line":99,"column":0},"end":{"line":99,"column":18}},"99":{"start":{"line":100,"column":0},"end":{"line":100,"column":26}},"100":{"start":{"line":101,"column":0},"end":{"line":101,"column":9}},"102":{"start":{"line":103,"column":0},"end":{"line":103,"column":36}},"103":{"start":{"line":104,"column":0},"end":{"line":104,"column":16}},"104":{"start":{"line":105,"column":0},"end":{"line":105,"column":21}},"105":{"start":{"line":106,"column":0},"end":{"line":106,"column":37}},"106":{"start":{"line":107,"column":0},"end":{"line":107,"column":30}},"107":{"start":{"line":108,"column":0},"end":{"line":108,"column":56}},"108":{"start":{"line":109,"column":0},"end":{"line":109,"column":54}},"109":{"start":{"line":110,"column":0},"end":{"line":110,"column":20}},"110":{"start":{"line":111,"column":0},"end":{"line":111,"column":33}},"111":{"start":{"line":112,"column":0},"end":{"line":112,"column":41}},"112":{"start":{"line":113,"column":0},"end":{"line":113,"column":43}},"113":{"start":{"line":114,"column":0},"end":{"line":114,"column":26}},"114":{"start":{"line":115,"column":0},"end":{"line":115,"column":24}},"115":{"start":{"line":116,"column":0},"end":{"line":116,"column":32}},"116":{"start":{"line":117,"column":0},"end":{"line":117,"column":14}},"117":{"start":{"line":118,"column":0},"end":{"line":118,"column":12}},"118":{"start":{"line":119,"column":0},"end":{"line":119,"column":10}},"120":{"start":{"line":121,"column":0},"end":{"line":121,"column":12}},"121":{"start":{"line":122,"column":0},"end":{"line":122,"column":7}},"123":{"start":{"line":124,"column":0},"end":{"line":124,"column":1}},"125":{"start":{"line":126,"column":0},"end":{"line":126,"column":18}}},"s":{"0":1,"1":1,"10":1,"11":1,"12":1,"13":1,"14":1,"16":20,"17":20,"18":20,"19":150000,"20":150000,"21":150000,"22":150000,"23":150000,"24":150000,"25":20,"26":20,"28":19,"29":19,"30":19,"31":19,"32":19,"34":19,"35":11,"36":1,"37":1,"39":11,"40":11,"41":19,"43":19,"44":5,"45":5,"46":5,"47":5,"48":5,"49":5,"50":5,"52":19,"53":1,"54":1,"55":1,"57":19,"58":1,"59":1,"61":19,"62":2,"63":2,"65":19,"66":4,"67":4,"68":4,"69":4,"70":4,"72":19,"73":1,"74":1,"75":1,"76":1,"78":19,"79":11,"80":1,"81":1,"83":11,"84":11,"85":11,"86":11,"87":19,"89":19,"90":19,"91":19,"92":19,"93":19,"94":19,"95":19,"96":19,"97":19,"98":19,"99":19,"100":19,"102":19,"103":142500,"104":142500,"105":142500,"106":142500,"107":142500,"108":142500,"109":142500,"110":142500,"111":142500,"112":142500,"113":142500,"114":142500,"115":142500,"116":142500,"117":142500,"118":19,"120":19,"121":19,"123":19,"125":1},"branchMap":{"0":{"type":"branch","line":17,"loc":{"start":{"line":17,"column":0},"end":{"line":27,"column":1}},"locations":[{"start":{"line":17,"column":0},"end":{"line":27,"column":1}}]},"1":{"type":"branch","line":19,"loc":{"start":{"line":19,"column":39},"end":{"line":25,"column":3}},"locations":[{"start":{"line":19,"column":39},"end":{"line":25,"column":3}}]},"2":{"type":"branch","line":29,"loc":{"start":{"line":29,"column":0},"end":{"line":124,"column":1}},"locations":[{"start":{"line":29,"column":0},"end":{"line":124,"column":1}}]},"3":{"type":"branch","line":92,"loc":{"start":{"line":92,"column":19},"end":{"line":92,"column":40}},"locations":[{"start":{"line":92,"column":19},"end":{"line":92,"column":40}}]},"4":{"type":"branch","line":92,"loc":{"start":{"line":92,"column":31},"end":{"line":92,"column":48}},"locations":[{"start":{"line":92,"column":31},"end":{"line":92,"column":48}}]},"5":{"type":"branch","line":35,"loc":{"start":{"line":35,"column":12},"end":{"line":42,"column":5}},"locations":[{"start":{"line":35,"column":12},"end":{"line":42,"column":5}}]},"6":{"type":"branch","line":36,"loc":{"start":{"line":36,"column":25},"end":{"line":38,"column":6}},"locations":[{"start":{"line":36,"column":25},"end":{"line":38,"column":6}}]},"7":{"type":"branch","line":41,"loc":{"start":{"line":41,"column":11},"end":{"line":41,"column":68}},"locations":[{"start":{"line":41,"column":11},"end":{"line":41,"column":68}}]},"8":{"type":"branch","line":44,"loc":{"start":{"line":44,"column":17},"end":{"line":51,"column":3}},"locations":[{"start":{"line":44,"column":17},"end":{"line":51,"column":3}}]},"9":{"type":"branch","line":53,"loc":{"start":{"line":53,"column":20},"end":{"line":56,"column":3}},"locations":[{"start":{"line":53,"column":20},"end":{"line":56,"column":3}}]},"10":{"type":"branch","line":58,"loc":{"start":{"line":58,"column":22},"end":{"line":60,"column":3}},"locations":[{"start":{"line":58,"column":22},"end":{"line":60,"column":3}}]},"11":{"type":"branch","line":62,"loc":{"start":{"line":62,"column":22},"end":{"line":64,"column":3}},"locations":[{"start":{"line":62,"column":22},"end":{"line":64,"column":3}}]},"12":{"type":"branch","line":66,"loc":{"start":{"line":66,"column":26},"end":{"line":71,"column":4}},"locations":[{"start":{"line":66,"column":26},"end":{"line":71,"column":4}}]},"13":{"type":"branch","line":73,"loc":{"start":{"line":73,"column":27},"end":{"line":77,"column":4}},"locations":[{"start":{"line":73,"column":27},"end":{"line":77,"column":4}}]},"14":{"type":"branch","line":79,"loc":{"start":{"line":79,"column":12},"end":{"line":88,"column":5}},"locations":[{"start":{"line":79,"column":12},"end":{"line":88,"column":5}}]},"15":{"type":"branch","line":80,"loc":{"start":{"line":80,"column":32},"end":{"line":82,"column":6}},"locations":[{"start":{"line":80,"column":32},"end":{"line":82,"column":6}}]},"16":{"type":"branch","line":85,"loc":{"start":{"line":85,"column":11},"end":{"line":87,"column":6}},"locations":[{"start":{"line":85,"column":11},"end":{"line":87,"column":6}}]},"17":{"type":"branch","line":103,"loc":{"start":{"line":103,"column":19},"end":{"line":118,"column":12}},"locations":[{"start":{"line":103,"column":19},"end":{"line":118,"column":12}}]},"18":{"type":"branch","line":108,"loc":{"start":{"line":108,"column":25},"end":{"line":108,"column":56}},"locations":[{"start":{"line":108,"column":25},"end":{"line":108,"column":56}}]},"19":{"type":"branch","line":109,"loc":{"start":{"line":109,"column":26},"end":{"line":109,"column":54}},"locations":[{"start":{"line":109,"column":26},"end":{"line":109,"column":54}}]}},"b":{"0":[20],"1":[150000],"2":[19],"3":[1],"4":[18],"5":[11],"6":[1],"7":[11],"8":[5],"9":[1],"10":[1],"11":[2],"12":[4],"13":[1],"14":[11],"15":[1],"16":[11],"17":[142500],"18":[4],"19":[1]},"fnMap":{"0":{"name":"getInitGrilla","decl":{"start":{"line":17,"column":0},"end":{"line":27,"column":1}},"loc":{"start":{"line":17,"column":0},"end":{"line":27,"column":1}},"line":17},"1":{"name":"App","decl":{"start":{"line":29,"column":0},"end":{"line":124,"column":1}},"loc":{"start":{"line":29,"column":0},"end":{"line":124,"column":1}},"line":29},"2":{"name":"handleResize","decl":{"start":{"line":36,"column":25},"end":{"line":38,"column":6}},"loc":{"start":{"line":36,"column":25},"end":{"line":38,"column":6}},"line":36},"3":{"name":"pintar","decl":{"start":{"line":44,"column":17},"end":{"line":51,"column":3}},"loc":{"start":{"line":44,"column":17},"end":{"line":51,"column":3}},"line":44},"4":{"name":"openModal","decl":{"start":{"line":53,"column":20},"end":{"line":56,"column":3}},"loc":{"start":{"line":53,"column":20},"end":{"line":56,"column":3}},"line":53},"5":{"name":"handleClose","decl":{"start":{"line":58,"column":22},"end":{"line":60,"column":3}},"loc":{"start":{"line":58,"column":22},"end":{"line":60,"column":3}},"line":58},"6":{"name":"changeColor","decl":{"start":{"line":62,"column":22},"end":{"line":64,"column":3}},"loc":{"start":{"line":62,"column":22},"end":{"line":64,"column":3}},"line":62},"7":{"name":"handleMouseDown","decl":{"start":{"line":66,"column":26},"end":{"line":71,"column":4}},"loc":{"start":{"line":66,"column":26},"end":{"line":71,"column":4}},"line":66},"8":{"name":"handleMouseEnter","decl":{"start":{"line":73,"column":27},"end":{"line":77,"column":4}},"loc":{"start":{"line":73,"column":27},"end":{"line":77,"column":4}},"line":73},"9":{"name":"handleGlobalMouseUp","decl":{"start":{"line":80,"column":32},"end":{"line":82,"column":6}},"loc":{"start":{"line":80,"column":32},"end":{"line":82,"column":6}},"line":80},"10":{"name":"onMouseDown","decl":{"start":{"line":108,"column":25},"end":{"line":108,"column":56}},"loc":{"start":{"line":108,"column":25},"end":{"line":108,"column":56}},"line":108},"11":{"name":"onMouseEnter","decl":{"start":{"line":109,"column":26},"end":{"line":109,"column":54}},"loc":{"start":{"line":109,"column":26},"end":{"line":109,"column":54}},"line":109}},"f":{"0":20,"1":19,"2":1,"3":5,"4":1,"5":1,"6":2,"7":4,"8":1,"9":1,"10":4,"11":1}}
,"C:\\Users\\xenei\\Documents\\DEV\\cursos\\front-testing\\2-test-carestino\\src\\components\\Modal.tsx": {"path":"C:\\Users\\xenei\\Documents\\DEV\\cursos\\front-testing\\2-test-carestino\\src\\components\\Modal.tsx","all":false,"statementMap":{"0":{"start":{"line":1,"column":0},"end":{"line":1,"column":26}},"8":{"start":{"line":9,"column":0},"end":{"line":9,"column":57}},"9":{"start":{"line":10,"column":0},"end":{"line":10,"column":66}},"12":{"start":{"line":13,"column":0},"end":{"line":13,"column":60}},"13":{"start":{"line":14,"column":0},"end":{"line":14,"column":52}},"14":{"start":{"line":15,"column":0},"end":{"line":15,"column":71}},"15":{"start":{"line":16,"column":0},"end":{"line":16,"column":58}},"17":{"start":{"line":18,"column":0},"end":{"line":18,"column":48}},"18":{"start":{"line":19,"column":0},"end":{"line":19,"column":28}},"19":{"start":{"line":20,"column":0},"end":{"line":20,"column":23}},"20":{"start":{"line":21,"column":0},"end":{"line":21,"column":21}},"21":{"start":{"line":22,"column":0},"end":{"line":22,"column":4}},"23":{"start":{"line":24,"column":0},"end":{"line":24,"column":34}},"24":{"start":{"line":25,"column":0},"end":{"line":25,"column":23}},"25":{"start":{"line":26,"column":0},"end":{"line":26,"column":22}},"26":{"start":{"line":27,"column":0},"end":{"line":27,"column":20}},"27":{"start":{"line":28,"column":0},"end":{"line":28,"column":26}},"28":{"start":{"line":29,"column":0},"end":{"line":29,"column":13}},"29":{"start":{"line":30,"column":0},"end":{"line":30,"column":4}},"31":{"start":{"line":32,"column":0},"end":{"line":32,"column":10}},"32":{"start":{"line":33,"column":0},"end":{"line":33,"column":9}},"33":{"start":{"line":34,"column":0},"end":{"line":34,"column":19}},"34":{"start":{"line":35,"column":0},"end":{"line":35,"column":30}},"35":{"start":{"line":36,"column":0},"end":{"line":36,"column":86}},"37":{"start":{"line":38,"column":0},"end":{"line":38,"column":37}},"38":{"start":{"line":39,"column":0},"end":{"line":39,"column":73}},"39":{"start":{"line":40,"column":0},"end":{"line":40,"column":44}},"40":{"start":{"line":41,"column":0},"end":{"line":41,"column":74}},"41":{"start":{"line":42,"column":0},"end":{"line":42,"column":14}},"42":{"start":{"line":43,"column":0},"end":{"line":43,"column":38}},"43":{"start":{"line":44,"column":0},"end":{"line":44,"column":46}},"44":{"start":{"line":45,"column":0},"end":{"line":45,"column":20}},"45":{"start":{"line":46,"column":0},"end":{"line":46,"column":29}},"46":{"start":{"line":47,"column":0},"end":{"line":47,"column":39}},"47":{"start":{"line":48,"column":0},"end":{"line":48,"column":34}},"48":{"start":{"line":49,"column":0},"end":{"line":49,"column":32}},"49":{"start":{"line":50,"column":0},"end":{"line":50,"column":30}},"50":{"start":{"line":51,"column":0},"end":{"line":51,"column":35}},"51":{"start":{"line":52,"column":0},"end":{"line":52,"column":24}},"52":{"start":{"line":53,"column":0},"end":{"line":53,"column":14}},"54":{"start":{"line":55,"column":0},"end":{"line":55,"column":26}},"55":{"start":{"line":56,"column":0},"end":{"line":56,"column":38}},"56":{"start":{"line":57,"column":0},"end":{"line":57,"column":28}},"57":{"start":{"line":58,"column":0},"end":{"line":58,"column":29}},"58":{"start":{"line":59,"column":0},"end":{"line":59,"column":45}},"59":{"start":{"line":60,"column":0},"end":{"line":60,"column":33}},"60":{"start":{"line":61,"column":0},"end":{"line":61,"column":22}},"61":{"start":{"line":62,"column":0},"end":{"line":62,"column":61}},"62":{"start":{"line":63,"column":0},"end":{"line":63,"column":16}},"63":{"start":{"line":64,"column":0},"end":{"line":64,"column":22}},"64":{"start":{"line":65,"column":0},"end":{"line":65,"column":25}},"65":{"start":{"line":66,"column":0},"end":{"line":66,"column":35}},"66":{"start":{"line":67,"column":0},"end":{"line":67,"column":26}},"67":{"start":{"line":68,"column":0},"end":{"line":68,"column":22}},"68":{"start":{"line":69,"column":0},"end":{"line":69,"column":23}},"69":{"start":{"line":70,"column":0},"end":{"line":70,"column":39}},"70":{"start":{"line":71,"column":0},"end":{"line":71,"column":34}},"71":{"start":{"line":72,"column":0},"end":{"line":72,"column":39}},"72":{"start":{"line":73,"column":0},"end":{"line":73,"column":26}},"73":{"start":{"line":74,"column":0},"end":{"line":74,"column":15}},"74":{"start":{"line":75,"column":0},"end":{"line":75,"column":46}},"75":{"start":{"line":76,"column":0},"end":{"line":76,"column":20}},"76":{"start":{"line":77,"column":0},"end":{"line":77,"column":29}},"77":{"start":{"line":78,"column":0},"end":{"line":78,"column":48}},"78":{"start":{"line":79,"column":0},"end":{"line":79,"column":58}},"79":{"start":{"line":80,"column":0},"end":{"line":80,"column":26}},"80":{"start":{"line":81,"column":0},"end":{"line":81,"column":35}},"81":{"start":{"line":82,"column":0},"end":{"line":82,"column":38}},"82":{"start":{"line":83,"column":0},"end":{"line":83,"column":36}},"83":{"start":{"line":84,"column":0},"end":{"line":84,"column":41}},"84":{"start":{"line":85,"column":0},"end":{"line":85,"column":30}},"85":{"start":{"line":86,"column":0},"end":{"line":86,"column":20}},"87":{"start":{"line":88,"column":0},"end":{"line":88,"column":32}},"88":{"start":{"line":89,"column":0},"end":{"line":89,"column":44}},"89":{"start":{"line":90,"column":0},"end":{"line":90,"column":34}},"90":{"start":{"line":91,"column":0},"end":{"line":91,"column":35}},"91":{"start":{"line":92,"column":0},"end":{"line":92,"column":43}},"92":{"start":{"line":93,"column":0},"end":{"line":93,"column":39}},"93":{"start":{"line":94,"column":0},"end":{"line":94,"column":28}},"94":{"start":{"line":95,"column":0},"end":{"line":95,"column":42}},"95":{"start":{"line":96,"column":0},"end":{"line":96,"column":22}},"96":{"start":{"line":97,"column":0},"end":{"line":97,"column":17}},"97":{"start":{"line":98,"column":0},"end":{"line":98,"column":18}},"99":{"start":{"line":100,"column":0},"end":{"line":100,"column":14}},"100":{"start":{"line":101,"column":0},"end":{"line":101,"column":12}},"101":{"start":{"line":102,"column":0},"end":{"line":102,"column":10}},"103":{"start":{"line":104,"column":0},"end":{"line":104,"column":1}},"105":{"start":{"line":106,"column":0},"end":{"line":106,"column":20}}},"s":{"0":1,"8":1,"9":1,"12":1,"13":28,"14":28,"15":28,"17":28,"18":3,"19":3,"20":3,"21":3,"23":28,"24":2,"25":2,"26":1,"27":1,"28":2,"29":2,"31":28,"32":28,"33":28,"34":28,"35":28,"37":28,"38":28,"39":28,"40":28,"41":28,"42":28,"43":28,"44":28,"45":28,"46":28,"47":28,"48":28,"49":28,"50":28,"51":28,"52":28,"54":28,"55":28,"56":28,"57":28,"58":28,"59":28,"60":28,"61":28,"62":28,"63":28,"64":4,"65":4,"66":4,"67":4,"68":4,"69":4,"70":4,"71":4,"72":4,"73":4,"74":4,"75":20,"76":20,"77":20,"78":20,"79":20,"80":20,"81":20,"82":20,"83":20,"84":20,"85":20,"87":20,"88":20,"89":20,"90":20,"91":20,"92":20,"93":20,"94":20,"95":20,"96":4,"97":4,"99":28,"100":28,"101":28,"103":28,"105":1},"branchMap":{"0":{"type":"branch","line":13,"loc":{"start":{"line":13,"column":14},"end":{"line":104,"column":1}},"locations":[{"start":{"line":13,"column":14},"end":{"line":104,"column":1}}]},"1":{"type":"branch","line":36,"loc":{"start":{"line":36,"column":26},"end":{"line":36,"column":63}},"locations":[{"start":{"line":36,"column":26},"end":{"line":36,"column":63}}]},"2":{"type":"branch","line":36,"loc":{"start":{"line":36,"column":38},"end":{"line":36,"column":83}},"locations":[{"start":{"line":36,"column":38},"end":{"line":36,"column":83}}]},"3":{"type":"branch","line":64,"loc":{"start":{"line":64,"column":11},"end":{"line":98,"column":18}},"locations":[{"start":{"line":64,"column":11},"end":{"line":98,"column":18}}]},"4":{"type":"branch","line":18,"loc":{"start":{"line":18,"column":28},"end":{"line":22,"column":4}},"locations":[{"start":{"line":18,"column":28},"end":{"line":22,"column":4}}]},"5":{"type":"branch","line":24,"loc":{"start":{"line":24,"column":27},"end":{"line":30,"column":4}},"locations":[{"start":{"line":24,"column":27},"end":{"line":30,"column":4}}]},"6":{"type":"branch","line":26,"loc":{"start":{"line":26,"column":15},"end":{"line":29,"column":7}},"locations":[{"start":{"line":26,"column":15},"end":{"line":29,"column":7}}]},"7":{"type":"branch","line":44,"loc":{"start":{"line":44,"column":21},"end":{"line":44,"column":46}},"locations":[{"start":{"line":44,"column":21},"end":{"line":44,"column":46}}]},"8":{"type":"branch","line":75,"loc":{"start":{"line":75,"column":27},"end":{"line":96,"column":22}},"locations":[{"start":{"line":75,"column":27},"end":{"line":96,"column":22}}]},"9":{"type":"branch","line":79,"loc":{"start":{"line":79,"column":27},"end":{"line":79,"column":58}},"locations":[{"start":{"line":79,"column":27},"end":{"line":79,"column":58}}]}},"b":{"0":[28],"1":[3],"2":[25],"3":[4],"4":[3],"5":[2],"6":[1],"7":[3],"8":[20],"9":[3]},"fnMap":{"0":{"name":"Modal","decl":{"start":{"line":13,"column":14},"end":{"line":104,"column":1}},"loc":{"start":{"line":13,"column":14},"end":{"line":104,"column":1}},"line":13},"1":{"name":"handleColorSelect","decl":{"start":{"line":18,"column":28},"end":{"line":22,"column":4}},"loc":{"start":{"line":18,"column":28},"end":{"line":22,"column":4}},"line":18},"2":{"name":"handleCloseModal","decl":{"start":{"line":24,"column":27},"end":{"line":30,"column":4}},"loc":{"start":{"line":24,"column":27},"end":{"line":30,"column":4}},"line":24},"3":{"name":"onClick","decl":{"start":{"line":44,"column":21},"end":{"line":44,"column":46}},"loc":{"start":{"line":44,"column":21},"end":{"line":44,"column":46}},"line":44},"4":{"name":"onClick","decl":{"start":{"line":79,"column":27},"end":{"line":79,"column":58}},"loc":{"start":{"line":79,"column":27},"end":{"line":79,"column":58}},"line":79}},"f":{"0":28,"1":3,"2":2,"3":3,"4":3}}
}
